Build started 20/01/2014 9:03:58 PM.
     1>Project "C:\GitRepos\packetsnfr\packetsnfr\packetsnfr.vcxproj" on node 2 (build target(s)).
     1>InitializeBuildStatus:
         Creating "Debug\packetsnfr.unsuccessfulbuild" because "AlwaysCreate" was specified.
       ClCompile:
         C:\Program Files (x86)\Microsoft Visual Studio 10.0\VC\bin\CL.exe /c /IC:\WinPCap\WinPcapDev\WpdPack\Include /ZI /nologo /W3 /WX- /Od /Oy- /D WIN32 /D _DEBUG /D _CONSOLE /D HAVE_REMOTE /D _UNICODE /D UNICODE /Gm /EHsc /RTC1 /MDd /GS /fp:precise /Zc:wchar_t /Zc:forScope /Fo"Debug\\" /Fd"Debug\vc100.pdb" /Gd /TP /analyze- /errorReport:prompt SnifferClient.cpp
         SnifferClient.cpp
       ManifestResourceCompile:
         All outputs are up-to-date.
       Link:
         C:\Program Files (x86)\Microsoft Visual Studio 10.0\VC\bin\link.exe /ERRORREPORT:PROMPT /OUT:"C:\GitRepos\packetsnfr\Debug\packetsnfr.exe" /INCREMENTAL /NOLOGO /LIBPATH:C:\WinPCap\WinPcapDev\WpdPack\Lib kernel32.lib user32.lib gdi32.lib winspool.lib comdlg32.lib advapi32.lib shell32.lib ole32.lib oleaut32.lib uuid.lib odbc32.lib odbccp32.lib wpcap.lib Packet.lib kernel32.lib user32.lib gdi32.lib winspool.lib comdlg32.lib advapi32.lib shell32.lib ole32.lib oleaut32.lib uuid.lib odbc32.lib odbccp32.lib /MANIFEST /ManifestFile:"Debug\packetsnfr.exe.intermediate.manifest" /MANIFESTUAC:"level='asInvoker' uiAccess='false'" /DEBUG /PDB:"C:\GitRepos\packetsnfr\Debug\packetsnfr.pdb" /SUBSYSTEM:CONSOLE /TLBID:1 /DYNAMICBASE /NXCOMPAT /IMPLIB:"C:\GitRepos\packetsnfr\Debug\packetsnfr.lib" /MACHINE:X86 Debug\packetsnfr.exe.embed.manifest.res
         Debug\Main.obj
         Debug\PacketSniffer.obj
         Debug\SnifferClient.obj
         Debug\SnifferManager.obj
       Manifest:
         c:\Program Files (x86)\Microsoft SDKs\Windows\v7.0A\bin\mt.exe /nologo /verbose /out:"Debug\packetsnfr.exe.embed.manifest" /manifest Debug\packetsnfr.exe.intermediate.manifest
         All outputs are up-to-date.
       LinkEmbedManifest:
         All outputs are up-to-date.
         packetsnfr.vcxproj -> C:\GitRepos\packetsnfr\Debug\packetsnfr.exe
       FinalizeBuildStatus:
         Deleting file "Debug\packetsnfr.unsuccessfulbuild".
         Touching "Debug\packetsnfr.lastbuildstate".
     1>Done Building Project "C:\GitRepos\packetsnfr\packetsnfr\packetsnfr.vcxproj" (build target(s)).

Build succeeded.

Time Elapsed 00:00:01.31
